{"/home/jechasteen/Repos/jsldb/index.js": {"path":"/home/jechasteen/Repos/jsldb/index.js","statementMap":{"0":{"start":{"line":2,"column":0},"end":{"line":2,"column":55}}},"fnMap":{},"branchMap":{},"s":{"0":1},"f":{},"b":{},"_coverageSchema":"1a1c01bbd47fc00a2c39e90264f33305004495a9","hash":"f928130b5bd2bac69ff9186d1db1a6028eba11f3"}
,"/home/jechasteen/Repos/jsldb/src/relational.js": {"path":"/home/jechasteen/Repos/jsldb/src/relational.js","statementMap":{"0":{"start":{"line":1,"column":11},"end":{"line":1,"column":24}},"1":{"start":{"line":2,"column":13},"end":{"line":2,"column":28}},"2":{"start":{"line":3,"column":16},"end":{"line":3,"column":51}},"3":{"start":{"line":5,"column":27},"end":{"line":5,"column":51}},"4":{"start":{"line":18,"column":0},"end":{"line":488,"column":1}},"5":{"start":{"line":19,"column":27},"end":{"line":19,"column":55}},"6":{"start":{"line":20,"column":13},"end":{"line":20,"column":15}},"7":{"start":{"line":21,"column":4},"end":{"line":21,"column":34}},"8":{"start":{"line":22,"column":4},"end":{"line":22,"column":25}},"9":{"start":{"line":23,"column":4},"end":{"line":23,"column":23}},"10":{"start":{"line":24,"column":4},"end":{"line":24,"column":13}},"11":{"start":{"line":25,"column":4},"end":{"line":29,"column":5}},"12":{"start":{"line":26,"column":8},"end":{"line":26,"column":21}},"13":{"start":{"line":28,"column":8},"end":{"line":28,"column":20}},"14":{"start":{"line":33,"column":4},"end":{"line":41,"column":5}},"15":{"start":{"line":34,"column":8},"end":{"line":40,"column":9}},"16":{"start":{"line":35,"column":23},"end":{"line":35,"column":24}},"17":{"start":{"line":36,"column":12},"end":{"line":38,"column":13}},"18":{"start":{"line":37,"column":16},"end":{"line":37,"column":74}},"19":{"start":{"line":37,"column":68},"end":{"line":37,"column":74}},"20":{"start":{"line":39,"column":12},"end":{"line":39,"column":23}},"21":{"start":{"line":43,"column":22},"end":{"line":62,"column":8}},"22":{"start":{"line":44,"column":22},"end":{"line":44,"column":24}},"23":{"start":{"line":47,"column":12},"end":{"line":49,"column":13}},"24":{"start":{"line":48,"column":16},"end":{"line":48,"column":32}},"25":{"start":{"line":50,"column":12},"end":{"line":50,"column":48}},"26":{"start":{"line":54,"column":8},"end":{"line":54,"column":111}},"27":{"start":{"line":54,"column":21},"end":{"line":54,"column":22}},"28":{"start":{"line":54,"column":38},"end":{"line":54,"column":109}},"29":{"start":{"line":56,"column":8},"end":{"line":61,"column":9}},"30":{"start":{"line":58,"column":16},"end":{"line":58,"column":45}},"31":{"start":{"line":59,"column":16},"end":{"line":59,"column":36}},"32":{"start":{"line":71,"column":25},"end":{"line":81,"column":9}},"33":{"start":{"line":73,"column":16},"end":{"line":73,"column":46}},"34":{"start":{"line":76,"column":16},"end":{"line":76,"column":46}},"35":{"start":{"line":79,"column":16},"end":{"line":79,"column":42}},"36":{"start":{"line":83,"column":18},"end":{"line":83,"column":33}},"37":{"start":{"line":85,"column":8},"end":{"line":87,"column":9}},"38":{"start":{"line":86,"column":12},"end":{"line":86,"column":24}},"39":{"start":{"line":89,"column":8},"end":{"line":145,"column":9}},"40":{"start":{"line":91,"column":12},"end":{"line":92,"column":29}},"41":{"start":{"line":91,"column":57},"end":{"line":91,"column":68}},"42":{"start":{"line":92,"column":17},"end":{"line":92,"column":29}},"43":{"start":{"line":93,"column":15},"end":{"line":145,"column":9}},"44":{"start":{"line":99,"column":12},"end":{"line":99,"column":47}},"45":{"start":{"line":99,"column":36},"end":{"line":99,"column":47}},"46":{"start":{"line":100,"column":12},"end":{"line":100,"column":35}},"47":{"start":{"line":100,"column":24},"end":{"line":100,"column":35}},"48":{"start":{"line":101,"column":25},"end":{"line":101,"column":29}},"49":{"start":{"line":102,"column":12},"end":{"line":111,"column":13}},"50":{"start":{"line":103,"column":16},"end":{"line":107,"column":18}},"51":{"start":{"line":104,"column":20},"end":{"line":106,"column":21}},"52":{"start":{"line":105,"column":24},"end":{"line":105,"column":36}},"53":{"start":{"line":108,"column":16},"end":{"line":108,"column":27}},"54":{"start":{"line":110,"column":16},"end":{"line":110,"column":28}},"55":{"start":{"line":112,"column":15},"end":{"line":145,"column":9}},"56":{"start":{"line":114,"column":12},"end":{"line":132,"column":13}},"57":{"start":{"line":115,"column":16},"end":{"line":115,"column":75}},"58":{"start":{"line":117,"column":16},"end":{"line":131,"column":17}},"59":{"start":{"line":118,"column":20},"end":{"line":122,"column":22}},"60":{"start":{"line":119,"column":24},"end":{"line":121,"column":25}},"61":{"start":{"line":120,"column":28},"end":{"line":120,"column":40}},"62":{"start":{"line":123,"column":20},"end":{"line":123,"column":31}},"63":{"start":{"line":126,"column":20},"end":{"line":130,"column":21}},"64":{"start":{"line":127,"column":24},"end":{"line":127,"column":36}},"65":{"start":{"line":129,"column":24},"end":{"line":129,"column":35}},"66":{"start":{"line":133,"column":15},"end":{"line":145,"column":9}},"67":{"start":{"line":134,"column":12},"end":{"line":134,"column":35}},"68":{"start":{"line":134,"column":24},"end":{"line":134,"column":35}},"69":{"start":{"line":135,"column":12},"end":{"line":141,"column":13}},"70":{"start":{"line":136,"column":16},"end":{"line":136,"column":75}},"71":{"start":{"line":137,"column":19},"end":{"line":141,"column":13}},"72":{"start":{"line":138,"column":16},"end":{"line":138,"column":84}},"73":{"start":{"line":139,"column":19},"end":{"line":141,"column":13}},"74":{"start":{"line":140,"column":16},"end":{"line":140,"column":27}},"75":{"start":{"line":142,"column":12},"end":{"line":142,"column":24}},"76":{"start":{"line":144,"column":12},"end":{"line":144,"column":24}},"77":{"start":{"line":154,"column":8},"end":{"line":154,"column":17}},"78":{"start":{"line":155,"column":8},"end":{"line":168,"column":9}},"79":{"start":{"line":156,"column":12},"end":{"line":165,"column":13}},"80":{"start":{"line":157,"column":16},"end":{"line":157,"column":57}},"81":{"start":{"line":158,"column":16},"end":{"line":162,"column":17}},"82":{"start":{"line":159,"column":20},"end":{"line":159,"column":31}},"83":{"start":{"line":161,"column":20},"end":{"line":161,"column":32}},"84":{"start":{"line":164,"column":16},"end":{"line":164,"column":74}},"85":{"start":{"line":167,"column":12},"end":{"line":167,"column":62}},"86":{"start":{"line":182,"column":8},"end":{"line":182,"column":17}},"87":{"start":{"line":183,"column":8},"end":{"line":197,"column":9}},"88":{"start":{"line":184,"column":12},"end":{"line":184,"column":62}},"89":{"start":{"line":186,"column":12},"end":{"line":196,"column":14}},"90":{"start":{"line":187,"column":16},"end":{"line":195,"column":17}},"91":{"start":{"line":188,"column":20},"end":{"line":188,"column":36}},"92":{"start":{"line":190,"column":20},"end":{"line":190,"column":37}},"93":{"start":{"line":191,"column":20},"end":{"line":191,"column":34}},"94":{"start":{"line":192,"column":20},"end":{"line":194,"column":21}},"95":{"start":{"line":193,"column":24},"end":{"line":193,"column":43}},"96":{"start":{"line":198,"column":8},"end":{"line":198,"column":19}},"97":{"start":{"line":209,"column":23},"end":{"line":209,"column":50}},"98":{"start":{"line":210,"column":8},"end":{"line":214,"column":9}},"99":{"start":{"line":211,"column":12},"end":{"line":211,"column":20}},"100":{"start":{"line":213,"column":12},"end":{"line":213,"column":64}},"101":{"start":{"line":215,"column":8},"end":{"line":217,"column":9}},"102":{"start":{"line":216,"column":12},"end":{"line":216,"column":26}},"103":{"start":{"line":225,"column":8},"end":{"line":227,"column":9}},"104":{"start":{"line":226,"column":12},"end":{"line":226,"column":65}},"105":{"start":{"line":244,"column":8},"end":{"line":246,"column":9}},"106":{"start":{"line":245,"column":12},"end":{"line":245,"column":36}},"107":{"start":{"line":248,"column":23},"end":{"line":254,"column":12}},"108":{"start":{"line":249,"column":22},"end":{"line":249,"column":24}},"109":{"start":{"line":250,"column":12},"end":{"line":252,"column":13}},"110":{"start":{"line":251,"column":16},"end":{"line":251,"column":27}},"111":{"start":{"line":253,"column":12},"end":{"line":253,"column":20}},"112":{"start":{"line":256,"column":8},"end":{"line":270,"column":9}},"113":{"start":{"line":257,"column":12},"end":{"line":269,"column":13}},"114":{"start":{"line":258,"column":32},"end":{"line":258,"column":67}},"115":{"start":{"line":259,"column":16},"end":{"line":263,"column":17}},"116":{"start":{"line":260,"column":20},"end":{"line":260,"column":37}},"117":{"start":{"line":262,"column":20},"end":{"line":262,"column":39}},"118":{"start":{"line":265,"column":16},"end":{"line":268,"column":17}},"119":{"start":{"line":282,"column":8},"end":{"line":282,"column":120}},"120":{"start":{"line":282,"column":40},"end":{"line":282,"column":118}},"121":{"start":{"line":283,"column":22},"end":{"line":283,"column":42}},"122":{"start":{"line":284,"column":8},"end":{"line":288,"column":9}},"123":{"start":{"line":285,"column":12},"end":{"line":285,"column":27}},"124":{"start":{"line":287,"column":12},"end":{"line":287,"column":66}},"125":{"start":{"line":289,"column":8},"end":{"line":289,"column":20}},"126":{"start":{"line":299,"column":8},"end":{"line":299,"column":31}},"127":{"start":{"line":315,"column":23},"end":{"line":315,"column":40}},"128":{"start":{"line":317,"column":8},"end":{"line":324,"column":9}},"129":{"start":{"line":318,"column":12},"end":{"line":318,"column":72}},"130":{"start":{"line":318,"column":28},"end":{"line":318,"column":72}},"131":{"start":{"line":319,"column":12},"end":{"line":323,"column":13}},"132":{"start":{"line":320,"column":16},"end":{"line":320,"column":126}},"133":{"start":{"line":322,"column":16},"end":{"line":322,"column":24}},"134":{"start":{"line":326,"column":19},"end":{"line":326,"column":34}},"135":{"start":{"line":327,"column":8},"end":{"line":327,"column":36}},"136":{"start":{"line":328,"column":8},"end":{"line":328,"column":37}},"137":{"start":{"line":330,"column":8},"end":{"line":332,"column":9}},"138":{"start":{"line":331,"column":12},"end":{"line":331,"column":26}},"139":{"start":{"line":334,"column":8},"end":{"line":334,"column":38}},"140":{"start":{"line":335,"column":8},"end":{"line":335,"column":20}},"141":{"start":{"line":345,"column":8},"end":{"line":345,"column":31}},"142":{"start":{"line":347,"column":23},"end":{"line":347,"column":41}},"143":{"start":{"line":348,"column":8},"end":{"line":359,"column":9}},"144":{"start":{"line":349,"column":12},"end":{"line":349,"column":67}},"145":{"start":{"line":350,"column":12},"end":{"line":350,"column":50}},"146":{"start":{"line":352,"column":12},"end":{"line":358,"column":14}},"147":{"start":{"line":353,"column":16},"end":{"line":357,"column":17}},"148":{"start":{"line":353,"column":25},"end":{"line":353,"column":74}},"149":{"start":{"line":355,"column":20},"end":{"line":355,"column":63}},"150":{"start":{"line":356,"column":20},"end":{"line":356,"column":58}},"151":{"start":{"line":368,"column":8},"end":{"line":368,"column":31}},"152":{"start":{"line":370,"column":23},"end":{"line":370,"column":41}},"153":{"start":{"line":371,"column":8},"end":{"line":371,"column":63}},"154":{"start":{"line":372,"column":8},"end":{"line":376,"column":9}},"155":{"start":{"line":373,"column":12},"end":{"line":373,"column":23}},"156":{"start":{"line":375,"column":12},"end":{"line":375,"column":24}},"157":{"start":{"line":384,"column":8},"end":{"line":384,"column":55}},"158":{"start":{"line":398,"column":8},"end":{"line":413,"column":9}},"159":{"start":{"line":399,"column":12},"end":{"line":405,"column":13}},"160":{"start":{"line":400,"column":16},"end":{"line":400,"column":51}},"161":{"start":{"line":401,"column":16},"end":{"line":401,"column":46}},"162":{"start":{"line":403,"column":16},"end":{"line":403,"column":72}},"163":{"start":{"line":404,"column":16},"end":{"line":404,"column":28}},"164":{"start":{"line":406,"column":12},"end":{"line":408,"column":13}},"165":{"start":{"line":407,"column":16},"end":{"line":407,"column":30}},"166":{"start":{"line":409,"column":12},"end":{"line":409,"column":23}},"167":{"start":{"line":411,"column":12},"end":{"line":411,"column":134}},"168":{"start":{"line":412,"column":12},"end":{"line":412,"column":24}},"169":{"start":{"line":424,"column":23},"end":{"line":424,"column":25}},"170":{"start":{"line":425,"column":27},"end":{"line":425,"column":29}},"171":{"start":{"line":427,"column":8},"end":{"line":430,"column":9}},"172":{"start":{"line":428,"column":12},"end":{"line":428,"column":41}},"173":{"start":{"line":429,"column":12},"end":{"line":429,"column":33}},"174":{"start":{"line":432,"column":8},"end":{"line":472,"column":10}},"175":{"start":{"line":433,"column":12},"end":{"line":471,"column":13}},"176":{"start":{"line":434,"column":16},"end":{"line":436,"column":17}},"177":{"start":{"line":435,"column":20},"end":{"line":435,"column":78}},"178":{"start":{"line":437,"column":26},"end":{"line":437,"column":52}},"179":{"start":{"line":438,"column":26},"end":{"line":438,"column":36}},"180":{"start":{"line":439,"column":16},"end":{"line":470,"column":17}},"181":{"start":{"line":441,"column":20},"end":{"line":445,"column":21}},"182":{"start":{"line":442,"column":24},"end":{"line":442,"column":79}},"183":{"start":{"line":444,"column":24},"end":{"line":444,"column":32}},"184":{"start":{"line":446,"column":23},"end":{"line":470,"column":17}},"185":{"start":{"line":448,"column":20},"end":{"line":462,"column":21}},"186":{"start":{"line":449,"column":24},"end":{"line":453,"column":25}},"187":{"start":{"line":450,"column":28},"end":{"line":450,"column":87}},"188":{"start":{"line":452,"column":28},"end":{"line":452,"column":36}},"189":{"start":{"line":454,"column":27},"end":{"line":462,"column":21}},"190":{"start":{"line":455,"column":24},"end":{"line":459,"column":25}},"191":{"start":{"line":456,"column":28},"end":{"line":456,"column":88}},"192":{"start":{"line":458,"column":28},"end":{"line":458,"column":36}},"193":{"start":{"line":461,"column":24},"end":{"line":461,"column":32}},"194":{"start":{"line":463,"column":23},"end":{"line":470,"column":17}},"195":{"start":{"line":465,"column":20},"end":{"line":469,"column":21}},"196":{"start":{"line":466,"column":24},"end":{"line":466,"column":76}},"197":{"start":{"line":468,"column":24},"end":{"line":468,"column":32}},"198":{"start":{"line":473,"column":8},"end":{"line":473,"column":29}},"199":{"start":{"line":476,"column":4},"end":{"line":487,"column":5}},"200":{"start":{"line":482,"column":28},"end":{"line":482,"column":42}},"201":{"start":{"line":486,"column":30},"end":{"line":486,"column":46}}},"fnMap":{"0":{"name":"(anonymous_0)","decl":{"start":{"line":18,"column":17},"end":{"line":18,"column":18}},"loc":{"start":{"line":18,"column":72},"end":{"line":488,"column":1}},"line":18},"1":{"name":"(anonymous_1)","decl":{"start":{"line":34,"column":22},"end":{"line":34,"column":23}},"loc":{"start":{"line":34,"column":37},"end":{"line":40,"column":9}},"line":34},"2":{"name":"(anonymous_2)","decl":{"start":{"line":43,"column":23},"end":{"line":43,"column":24}},"loc":{"start":{"line":43,"column":35},"end":{"line":62,"column":5}},"line":43},"3":{"name":"handleOutput","decl":{"start":{"line":46,"column":17},"end":{"line":46,"column":29}},"loc":{"start":{"line":46,"column":52},"end":{"line":51,"column":9}},"line":46},"4":{"name":"(anonymous_4)","decl":{"start":{"line":57,"column":17},"end":{"line":57,"column":18}},"loc":{"start":{"line":57,"column":29},"end":{"line":60,"column":13}},"line":57},"5":{"name":"checkField","decl":{"start":{"line":70,"column":13},"end":{"line":70,"column":23}},"loc":{"start":{"line":70,"column":38},"end":{"line":146,"column":5}},"line":70},"6":{"name":"(anonymous_6)","decl":{"start":{"line":72,"column":20},"end":{"line":72,"column":21}},"loc":{"start":{"line":72,"column":29},"end":{"line":74,"column":13}},"line":72},"7":{"name":"(anonymous_7)","decl":{"start":{"line":75,"column":20},"end":{"line":75,"column":21}},"loc":{"start":{"line":75,"column":29},"end":{"line":77,"column":13}},"line":75},"8":{"name":"(anonymous_8)","decl":{"start":{"line":78,"column":18},"end":{"line":78,"column":19}},"loc":{"start":{"line":78,"column":27},"end":{"line":80,"column":13}},"line":78},"9":{"name":"(anonymous_9)","decl":{"start":{"line":103,"column":30},"end":{"line":103,"column":31}},"loc":{"start":{"line":103,"column":37},"end":{"line":107,"column":17}},"line":103},"10":{"name":"(anonymous_10)","decl":{"start":{"line":118,"column":34},"end":{"line":118,"column":35}},"loc":{"start":{"line":118,"column":41},"end":{"line":122,"column":21}},"line":118},"11":{"name":"connect","decl":{"start":{"line":153,"column":13},"end":{"line":153,"column":20}},"loc":{"start":{"line":153,"column":24},"end":{"line":169,"column":5}},"line":153},"12":{"name":"create","decl":{"start":{"line":181,"column":13},"end":{"line":181,"column":19}},"loc":{"start":{"line":181,"column":23},"end":{"line":199,"column":5}},"line":181},"13":{"name":"(anonymous_13)","decl":{"start":{"line":186,"column":33},"end":{"line":186,"column":34}},"loc":{"start":{"line":186,"column":48},"end":{"line":196,"column":13}},"line":186},"14":{"name":"deleteById","decl":{"start":{"line":208,"column":13},"end":{"line":208,"column":23}},"loc":{"start":{"line":208,"column":51},"end":{"line":218,"column":5}},"line":208},"15":{"name":"(anonymous_15)","decl":{"start":{"line":208,"column":41},"end":{"line":208,"column":42}},"loc":{"start":{"line":208,"column":47},"end":{"line":208,"column":49}},"line":208},"16":{"name":"duplicateFileIfExists","decl":{"start":{"line":224,"column":13},"end":{"line":224,"column":34}},"loc":{"start":{"line":224,"column":38},"end":{"line":228,"column":5}},"line":224},"17":{"name":"find","decl":{"start":{"line":243,"column":13},"end":{"line":243,"column":17}},"loc":{"start":{"line":243,"column":41},"end":{"line":271,"column":5}},"line":243},"18":{"name":"(anonymous_18)","decl":{"start":{"line":248,"column":24},"end":{"line":248,"column":25}},"loc":{"start":{"line":248,"column":30},"end":{"line":254,"column":9}},"line":248},"19":{"name":"findById","decl":{"start":{"line":281,"column":13},"end":{"line":281,"column":21}},"loc":{"start":{"line":281,"column":49},"end":{"line":290,"column":5}},"line":281},"20":{"name":"(anonymous_20)","decl":{"start":{"line":281,"column":39},"end":{"line":281,"column":40}},"loc":{"start":{"line":281,"column":45},"end":{"line":281,"column":47}},"line":281},"21":{"name":"getAllEntries","decl":{"start":{"line":298,"column":13},"end":{"line":298,"column":26}},"loc":{"start":{"line":298,"column":35},"end":{"line":300,"column":5}},"line":298},"22":{"name":"insert","decl":{"start":{"line":314,"column":13},"end":{"line":314,"column":19}},"loc":{"start":{"line":314,"column":50},"end":{"line":336,"column":5}},"line":314},"23":{"name":"(anonymous_23)","decl":{"start":{"line":314,"column":40},"end":{"line":314,"column":41}},"loc":{"start":{"line":314,"column":46},"end":{"line":314,"column":48}},"line":314},"24":{"name":"save","decl":{"start":{"line":344,"column":13},"end":{"line":344,"column":17}},"loc":{"start":{"line":344,"column":23},"end":{"line":360,"column":5}},"line":344},"25":{"name":"(anonymous_25)","decl":{"start":{"line":352,"column":64},"end":{"line":352,"column":65}},"loc":{"start":{"line":352,"column":73},"end":{"line":358,"column":13}},"line":352},"26":{"name":"saveSync","decl":{"start":{"line":367,"column":13},"end":{"line":367,"column":21}},"loc":{"start":{"line":367,"column":25},"end":{"line":377,"column":5}},"line":367},"27":{"name":"setPath","decl":{"start":{"line":383,"column":13},"end":{"line":383,"column":20}},"loc":{"start":{"line":383,"column":24},"end":{"line":385,"column":5}},"line":383},"28":{"name":"setFieldById","decl":{"start":{"line":397,"column":13},"end":{"line":397,"column":25}},"loc":{"start":{"line":397,"column":67},"end":{"line":414,"column":5}},"line":397},"29":{"name":"(anonymous_29)","decl":{"start":{"line":397,"column":57},"end":{"line":397,"column":58}},"loc":{"start":{"line":397,"column":63},"end":{"line":397,"column":65}},"line":397},"30":{"name":"verifyTables","decl":{"start":{"line":423,"column":13},"end":{"line":423,"column":25}},"loc":{"start":{"line":423,"column":44},"end":{"line":474,"column":5}},"line":423},"31":{"name":"(anonymous_31)","decl":{"start":{"line":432,"column":23},"end":{"line":432,"column":24}},"loc":{"start":{"line":432,"column":34},"end":{"line":472,"column":9}},"line":432},"32":{"name":"(anonymous_32)","decl":{"start":{"line":482,"column":14},"end":{"line":482,"column":15}},"loc":{"start":{"line":482,"column":26},"end":{"line":482,"column":44}},"line":482},"33":{"name":"(anonymous_33)","decl":{"start":{"line":486,"column":16},"end":{"line":486,"column":17}},"loc":{"start":{"line":486,"column":28},"end":{"line":486,"column":48}},"line":486}},"branchMap":{"0":{"loc":{"start":{"line":18,"column":41},"end":{"line":18,"column":70}},"type":"default-arg","locations":[{"start":{"line":18,"column":51},"end":{"line":18,"column":70}}],"line":18},"1":{"loc":{"start":{"line":25,"column":4},"end":{"line":29,"column":5}},"type":"if","locations":[{"start":{"line":25,"column":4},"end":{"line":29,"column":5}},{"start":{"line":25,"column":4},"end":{"line":29,"column":5}}],"line":25},"2":{"loc":{"start":{"line":33,"column":4},"end":{"line":41,"column":5}},"type":"if","locations":[{"start":{"line":33,"column":4},"end":{"line":41,"column":5}},{"start":{"line":33,"column":4},"end":{"line":41,"column":5}}],"line":33},"3":{"loc":{"start":{"line":37,"column":16},"end":{"line":37,"column":74}},"type":"if","locations":[{"start":{"line":37,"column":16},"end":{"line":37,"column":74}},{"start":{"line":37,"column":16},"end":{"line":37,"column":74}}],"line":37},"4":{"loc":{"start":{"line":47,"column":12},"end":{"line":49,"column":13}},"type":"if","locations":[{"start":{"line":47,"column":12},"end":{"line":49,"column":13}},{"start":{"line":47,"column":12},"end":{"line":49,"column":13}}],"line":47},"5":{"loc":{"start":{"line":85,"column":8},"end":{"line":87,"column":9}},"type":"if","locations":[{"start":{"line":85,"column":8},"end":{"line":87,"column":9}},{"start":{"line":85,"column":8},"end":{"line":87,"column":9}}],"line":85},"6":{"loc":{"start":{"line":85,"column":12},"end":{"line":85,"column":27}},"type":"binary-expr","locations":[{"start":{"line":85,"column":12},"end":{"line":85,"column":17}},{"start":{"line":85,"column":21},"end":{"line":85,"column":27}}],"line":85},"7":{"loc":{"start":{"line":89,"column":8},"end":{"line":145,"column":9}},"type":"if","locations":[{"start":{"line":89,"column":8},"end":{"line":145,"column":9}},{"start":{"line":89,"column":8},"end":{"line":145,"column":9}}],"line":89},"8":{"loc":{"start":{"line":91,"column":12},"end":{"line":92,"column":29}},"type":"if","locations":[{"start":{"line":91,"column":12},"end":{"line":92,"column":29}},{"start":{"line":91,"column":12},"end":{"line":92,"column":29}}],"line":91},"9":{"loc":{"start":{"line":91,"column":16},"end":{"line":91,"column":55}},"type":"binary-expr","locations":[{"start":{"line":91,"column":16},"end":{"line":91,"column":30}},{"start":{"line":91,"column":34},"end":{"line":91,"column":55}}],"line":91},"10":{"loc":{"start":{"line":93,"column":15},"end":{"line":145,"column":9}},"type":"if","locations":[{"start":{"line":93,"column":15},"end":{"line":145,"column":9}},{"start":{"line":93,"column":15},"end":{"line":145,"column":9}}],"line":93},"11":{"loc":{"start":{"line":94,"column":12},"end":{"line":96,"column":45}},"type":"binary-expr","locations":[{"start":{"line":94,"column":12},"end":{"line":94,"column":28}},{"start":{"line":95,"column":12},"end":{"line":95,"column":25}},{"start":{"line":96,"column":12},"end":{"line":96,"column":45}}],"line":94},"12":{"loc":{"start":{"line":99,"column":12},"end":{"line":99,"column":47}},"type":"if","locations":[{"start":{"line":99,"column":12},"end":{"line":99,"column":47}},{"start":{"line":99,"column":12},"end":{"line":99,"column":47}}],"line":99},"13":{"loc":{"start":{"line":100,"column":12},"end":{"line":100,"column":35}},"type":"if","locations":[{"start":{"line":100,"column":12},"end":{"line":100,"column":35}},{"start":{"line":100,"column":12},"end":{"line":100,"column":35}}],"line":100},"14":{"loc":{"start":{"line":104,"column":20},"end":{"line":106,"column":21}},"type":"if","locations":[{"start":{"line":104,"column":20},"end":{"line":106,"column":21}},{"start":{"line":104,"column":20},"end":{"line":106,"column":21}}],"line":104},"15":{"loc":{"start":{"line":112,"column":15},"end":{"line":145,"column":9}},"type":"if","locations":[{"start":{"line":112,"column":15},"end":{"line":145,"column":9}},{"start":{"line":112,"column":15},"end":{"line":145,"column":9}}],"line":112},"16":{"loc":{"start":{"line":112,"column":19},"end":{"line":112,"column":52}},"type":"binary-expr","locations":[{"start":{"line":112,"column":19},"end":{"line":112,"column":35}},{"start":{"line":112,"column":39},"end":{"line":112,"column":52}}],"line":112},"17":{"loc":{"start":{"line":114,"column":12},"end":{"line":132,"column":13}},"type":"if","locations":[{"start":{"line":114,"column":12},"end":{"line":132,"column":13}},{"start":{"line":114,"column":12},"end":{"line":132,"column":13}}],"line":114},"18":{"loc":{"start":{"line":117,"column":16},"end":{"line":131,"column":17}},"type":"if","locations":[{"start":{"line":117,"column":16},"end":{"line":131,"column":17}},{"start":{"line":117,"column":16},"end":{"line":131,"column":17}}],"line":117},"19":{"loc":{"start":{"line":119,"column":24},"end":{"line":121,"column":25}},"type":"if","locations":[{"start":{"line":119,"column":24},"end":{"line":121,"column":25}},{"start":{"line":119,"column":24},"end":{"line":121,"column":25}}],"line":119},"20":{"loc":{"start":{"line":126,"column":20},"end":{"line":130,"column":21}},"type":"if","locations":[{"start":{"line":126,"column":20},"end":{"line":130,"column":21}},{"start":{"line":126,"column":20},"end":{"line":130,"column":21}}],"line":126},"21":{"loc":{"start":{"line":133,"column":15},"end":{"line":145,"column":9}},"type":"if","locations":[{"start":{"line":133,"column":15},"end":{"line":145,"column":9}},{"start":{"line":133,"column":15},"end":{"line":145,"column":9}}],"line":133},"22":{"loc":{"start":{"line":134,"column":12},"end":{"line":134,"column":35}},"type":"if","locations":[{"start":{"line":134,"column":12},"end":{"line":134,"column":35}},{"start":{"line":134,"column":12},"end":{"line":134,"column":35}}],"line":134},"23":{"loc":{"start":{"line":135,"column":12},"end":{"line":141,"column":13}},"type":"if","locations":[{"start":{"line":135,"column":12},"end":{"line":141,"column":13}},{"start":{"line":135,"column":12},"end":{"line":141,"column":13}}],"line":135},"24":{"loc":{"start":{"line":137,"column":19},"end":{"line":141,"column":13}},"type":"if","locations":[{"start":{"line":137,"column":19},"end":{"line":141,"column":13}},{"start":{"line":137,"column":19},"end":{"line":141,"column":13}}],"line":137},"25":{"loc":{"start":{"line":139,"column":19},"end":{"line":141,"column":13}},"type":"if","locations":[{"start":{"line":139,"column":19},"end":{"line":141,"column":13}},{"start":{"line":139,"column":19},"end":{"line":141,"column":13}}],"line":139},"26":{"loc":{"start":{"line":155,"column":8},"end":{"line":168,"column":9}},"type":"if","locations":[{"start":{"line":155,"column":8},"end":{"line":168,"column":9}},{"start":{"line":155,"column":8},"end":{"line":168,"column":9}}],"line":155},"27":{"loc":{"start":{"line":158,"column":16},"end":{"line":162,"column":17}},"type":"if","locations":[{"start":{"line":158,"column":16},"end":{"line":162,"column":17}},{"start":{"line":158,"column":16},"end":{"line":162,"column":17}}],"line":158},"28":{"loc":{"start":{"line":183,"column":8},"end":{"line":197,"column":9}},"type":"if","locations":[{"start":{"line":183,"column":8},"end":{"line":197,"column":9}},{"start":{"line":183,"column":8},"end":{"line":197,"column":9}}],"line":183},"29":{"loc":{"start":{"line":187,"column":16},"end":{"line":195,"column":17}},"type":"if","locations":[{"start":{"line":187,"column":16},"end":{"line":195,"column":17}},{"start":{"line":187,"column":16},"end":{"line":195,"column":17}}],"line":187},"30":{"loc":{"start":{"line":208,"column":36},"end":{"line":208,"column":49}},"type":"default-arg","locations":[{"start":{"line":208,"column":41},"end":{"line":208,"column":49}}],"line":208},"31":{"loc":{"start":{"line":210,"column":8},"end":{"line":214,"column":9}},"type":"if","locations":[{"start":{"line":210,"column":8},"end":{"line":214,"column":9}},{"start":{"line":210,"column":8},"end":{"line":214,"column":9}}],"line":210},"32":{"loc":{"start":{"line":215,"column":8},"end":{"line":217,"column":9}},"type":"if","locations":[{"start":{"line":215,"column":8},"end":{"line":217,"column":9}},{"start":{"line":215,"column":8},"end":{"line":217,"column":9}}],"line":215},"33":{"loc":{"start":{"line":225,"column":8},"end":{"line":227,"column":9}},"type":"if","locations":[{"start":{"line":225,"column":8},"end":{"line":227,"column":9}},{"start":{"line":225,"column":8},"end":{"line":227,"column":9}}],"line":225},"34":{"loc":{"start":{"line":225,"column":12},"end":{"line":225,"column":51}},"type":"binary-expr","locations":[{"start":{"line":225,"column":12},"end":{"line":225,"column":25}},{"start":{"line":225,"column":29},"end":{"line":225,"column":51}}],"line":225},"35":{"loc":{"start":{"line":244,"column":8},"end":{"line":246,"column":9}},"type":"if","locations":[{"start":{"line":244,"column":8},"end":{"line":246,"column":9}},{"start":{"line":244,"column":8},"end":{"line":246,"column":9}}],"line":244},"36":{"loc":{"start":{"line":257,"column":12},"end":{"line":269,"column":13}},"type":"if","locations":[{"start":{"line":257,"column":12},"end":{"line":269,"column":13}},{"start":{"line":257,"column":12},"end":{"line":269,"column":13}}],"line":257},"37":{"loc":{"start":{"line":257,"column":16},"end":{"line":257,"column":57}},"type":"binary-expr","locations":[{"start":{"line":257,"column":16},"end":{"line":257,"column":40}},{"start":{"line":257,"column":44},"end":{"line":257,"column":57}}],"line":257},"38":{"loc":{"start":{"line":259,"column":16},"end":{"line":263,"column":17}},"type":"if","locations":[{"start":{"line":259,"column":16},"end":{"line":263,"column":17}},{"start":{"line":259,"column":16},"end":{"line":263,"column":17}}],"line":259},"39":{"loc":{"start":{"line":281,"column":34},"end":{"line":281,"column":47}},"type":"default-arg","locations":[{"start":{"line":281,"column":39},"end":{"line":281,"column":47}}],"line":281},"40":{"loc":{"start":{"line":282,"column":8},"end":{"line":282,"column":120}},"type":"if","locations":[{"start":{"line":282,"column":8},"end":{"line":282,"column":120}},{"start":{"line":282,"column":8},"end":{"line":282,"column":120}}],"line":282},"41":{"loc":{"start":{"line":284,"column":8},"end":{"line":288,"column":9}},"type":"if","locations":[{"start":{"line":284,"column":8},"end":{"line":288,"column":9}},{"start":{"line":284,"column":8},"end":{"line":288,"column":9}}],"line":284},"42":{"loc":{"start":{"line":314,"column":35},"end":{"line":314,"column":48}},"type":"default-arg","locations":[{"start":{"line":314,"column":40},"end":{"line":314,"column":48}}],"line":314},"43":{"loc":{"start":{"line":318,"column":12},"end":{"line":318,"column":72}},"type":"if","locations":[{"start":{"line":318,"column":12},"end":{"line":318,"column":72}},{"start":{"line":318,"column":12},"end":{"line":318,"column":72}}],"line":318},"44":{"loc":{"start":{"line":319,"column":12},"end":{"line":323,"column":13}},"type":"if","locations":[{"start":{"line":319,"column":12},"end":{"line":323,"column":13}},{"start":{"line":319,"column":12},"end":{"line":323,"column":13}}],"line":319},"45":{"loc":{"start":{"line":330,"column":8},"end":{"line":332,"column":9}},"type":"if","locations":[{"start":{"line":330,"column":8},"end":{"line":332,"column":9}},{"start":{"line":330,"column":8},"end":{"line":332,"column":9}}],"line":330},"46":{"loc":{"start":{"line":348,"column":8},"end":{"line":359,"column":9}},"type":"if","locations":[{"start":{"line":348,"column":8},"end":{"line":359,"column":9}},{"start":{"line":348,"column":8},"end":{"line":359,"column":9}}],"line":348},"47":{"loc":{"start":{"line":353,"column":16},"end":{"line":357,"column":17}},"type":"if","locations":[{"start":{"line":353,"column":16},"end":{"line":357,"column":17}},{"start":{"line":353,"column":16},"end":{"line":357,"column":17}}],"line":353},"48":{"loc":{"start":{"line":372,"column":8},"end":{"line":376,"column":9}},"type":"if","locations":[{"start":{"line":372,"column":8},"end":{"line":376,"column":9}},{"start":{"line":372,"column":8},"end":{"line":376,"column":9}}],"line":372},"49":{"loc":{"start":{"line":397,"column":52},"end":{"line":397,"column":65}},"type":"default-arg","locations":[{"start":{"line":397,"column":57},"end":{"line":397,"column":65}}],"line":397},"50":{"loc":{"start":{"line":398,"column":8},"end":{"line":413,"column":9}},"type":"if","locations":[{"start":{"line":398,"column":8},"end":{"line":413,"column":9}},{"start":{"line":398,"column":8},"end":{"line":413,"column":9}}],"line":398},"51":{"loc":{"start":{"line":399,"column":12},"end":{"line":405,"column":13}},"type":"if","locations":[{"start":{"line":399,"column":12},"end":{"line":405,"column":13}},{"start":{"line":399,"column":12},"end":{"line":405,"column":13}}],"line":399},"52":{"loc":{"start":{"line":406,"column":12},"end":{"line":408,"column":13}},"type":"if","locations":[{"start":{"line":406,"column":12},"end":{"line":408,"column":13}},{"start":{"line":406,"column":12},"end":{"line":408,"column":13}}],"line":406},"53":{"loc":{"start":{"line":434,"column":16},"end":{"line":436,"column":17}},"type":"if","locations":[{"start":{"line":434,"column":16},"end":{"line":436,"column":17}},{"start":{"line":434,"column":16},"end":{"line":436,"column":17}}],"line":434},"54":{"loc":{"start":{"line":439,"column":16},"end":{"line":470,"column":17}},"type":"if","locations":[{"start":{"line":439,"column":16},"end":{"line":470,"column":17}},{"start":{"line":439,"column":16},"end":{"line":470,"column":17}}],"line":439},"55":{"loc":{"start":{"line":441,"column":20},"end":{"line":445,"column":21}},"type":"if","locations":[{"start":{"line":441,"column":20},"end":{"line":445,"column":21}},{"start":{"line":441,"column":20},"end":{"line":445,"column":21}}],"line":441},"56":{"loc":{"start":{"line":446,"column":23},"end":{"line":470,"column":17}},"type":"if","locations":[{"start":{"line":446,"column":23},"end":{"line":470,"column":17}},{"start":{"line":446,"column":23},"end":{"line":470,"column":17}}],"line":446},"57":{"loc":{"start":{"line":448,"column":20},"end":{"line":462,"column":21}},"type":"if","locations":[{"start":{"line":448,"column":20},"end":{"line":462,"column":21}},{"start":{"line":448,"column":20},"end":{"line":462,"column":21}}],"line":448},"58":{"loc":{"start":{"line":449,"column":24},"end":{"line":453,"column":25}},"type":"if","locations":[{"start":{"line":449,"column":24},"end":{"line":453,"column":25}},{"start":{"line":449,"column":24},"end":{"line":453,"column":25}}],"line":449},"59":{"loc":{"start":{"line":454,"column":27},"end":{"line":462,"column":21}},"type":"if","locations":[{"start":{"line":454,"column":27},"end":{"line":462,"column":21}},{"start":{"line":454,"column":27},"end":{"line":462,"column":21}}],"line":454},"60":{"loc":{"start":{"line":455,"column":24},"end":{"line":459,"column":25}},"type":"if","locations":[{"start":{"line":455,"column":24},"end":{"line":459,"column":25}},{"start":{"line":455,"column":24},"end":{"line":459,"column":25}}],"line":455},"61":{"loc":{"start":{"line":463,"column":23},"end":{"line":470,"column":17}},"type":"if","locations":[{"start":{"line":463,"column":23},"end":{"line":470,"column":17}},{"start":{"line":463,"column":23},"end":{"line":470,"column":17}}],"line":463},"62":{"loc":{"start":{"line":465,"column":20},"end":{"line":469,"column":21}},"type":"if","locations":[{"start":{"line":465,"column":20},"end":{"line":469,"column":21}},{"start":{"line":465,"column":20},"end":{"line":469,"column":21}}],"line":465}},"s":{"0":1,"1":1,"2":1,"3":1,"4":1,"5":2,"6":2,"7":2,"8":2,"9":2,"10":2,"11":2,"12":1,"13":1,"14":2,"15":1,"16":0,"17":0,"18":0,"19":0,"20":0,"21":2,"22":2,"23":2,"24":0,"25":2,"26":2,"27":2,"28":4,"29":2,"30":2,"31":2,"32":8,"33":3,"34":3,"35":3,"36":8,"37":8,"38":0,"39":8,"40":3,"41":3,"42":0,"43":5,"44":3,"45":0,"46":3,"47":0,"48":3,"49":3,"50":3,"51":6,"52":0,"53":3,"54":0,"55":2,"56":1,"57":0,"58":1,"59":1,"60":1,"61":0,"62":1,"63":0,"64":0,"65":0,"66":1,"67":1,"68":0,"69":1,"70":0,"71":1,"72":0,"73":1,"74":1,"75":0,"76":0,"77":1,"78":1,"79":1,"80":1,"81":1,"82":1,"83":0,"84":0,"85":0,"86":1,"87":1,"88":0,"89":1,"90":1,"91":0,"92":1,"93":1,"94":1,"95":2,"96":1,"97":2,"98":2,"99":2,"100":0,"101":2,"102":0,"103":2,"104":1,"105":0,"106":0,"107":0,"108":0,"109":0,"110":0,"111":0,"112":0,"113":0,"114":0,"115":0,"116":0,"117":0,"118":0,"119":1,"120":0,"121":1,"122":1,"123":1,"124":0,"125":1,"126":4,"127":2,"128":2,"129":6,"130":0,"131":6,"132":0,"133":6,"134":2,"135":2,"136":2,"137":2,"138":0,"139":2,"140":2,"141":1,"142":1,"143":1,"144":1,"145":1,"146":0,"147":0,"148":0,"149":0,"150":0,"151":1,"152":1,"153":1,"154":1,"155":1,"156":0,"157":4,"158":2,"159":2,"160":2,"161":2,"162":0,"163":0,"164":2,"165":0,"166":2,"167":0,"168":0,"169":1,"170":1,"171":1,"172":2,"173":2,"174":1,"175":2,"176":8,"177":0,"178":8,"179":8,"180":8,"181":3,"182":0,"183":3,"184":5,"185":4,"186":1,"187":0,"188":1,"189":3,"190":3,"191":0,"192":3,"193":0,"194":1,"195":1,"196":0,"197":1,"198":1,"199":2,"200":0,"201":6},"f":{"0":2,"1":0,"2":2,"3":2,"4":2,"5":8,"6":3,"7":3,"8":3,"9":6,"10":1,"11":1,"12":1,"13":1,"14":2,"15":0,"16":2,"17":0,"18":0,"19":1,"20":0,"21":4,"22":2,"23":0,"24":1,"25":0,"26":1,"27":4,"28":2,"29":0,"30":1,"31":2,"32":0,"33":6},"b":{"0":[2],"1":[1,1],"2":[1,1],"3":[0,0],"4":[0,2],"5":[0,8],"6":[8,8],"7":[3,5],"8":[3,0],"9":[3,3],"10":[3,2],"11":[5,4,3],"12":[0,3],"13":[0,3],"14":[0,6],"15":[1,1],"16":[2,1],"17":[0,1],"18":[1,0],"19":[0,1],"20":[0,0],"21":[1,0],"22":[0,1],"23":[0,1],"24":[0,1],"25":[1,0],"26":[1,0],"27":[1,0],"28":[0,1],"29":[0,1],"30":[0],"31":[2,0],"32":[0,2],"33":[1,1],"34":[2,2],"35":[0,0],"36":[0,0],"37":[0,0],"38":[0,0],"39":[0],"40":[0,1],"41":[1,0],"42":[0],"43":[0,6],"44":[0,6],"45":[0,2],"46":[1,0],"47":[0,0],"48":[1,0],"49":[0],"50":[2,0],"51":[2,0],"52":[0,2],"53":[0,8],"54":[3,5],"55":[0,3],"56":[4,1],"57":[1,3],"58":[0,1],"59":[3,0],"60":[0,3],"61":[1,0],"62":[0,1]},"_coverageSchema":"1a1c01bbd47fc00a2c39e90264f33305004495a9","hash":"8525e784bf879862d0bc4a233bd6511db3b1f8c9"}
}
