TN:
SF:index.js
FNF:0
FNH:0
DA:2,1
LF:1
LH:1
BRF:0
BRH:0
end_of_record
TN:
SF:src/relational.js
FN:18,(anonymous_0)
FN:34,(anonymous_1)
FN:43,(anonymous_2)
FN:46,handleOutput
FN:57,(anonymous_4)
FN:70,checkField
FN:72,(anonymous_6)
FN:75,(anonymous_7)
FN:78,(anonymous_8)
FN:103,(anonymous_9)
FN:118,(anonymous_10)
FN:153,connect
FN:181,create
FN:186,(anonymous_13)
FN:208,deleteById
FN:208,(anonymous_15)
FN:224,duplicateFileIfExists
FN:243,find
FN:248,(anonymous_18)
FN:281,findById
FN:281,(anonymous_20)
FN:298,getAllEntries
FN:314,insert
FN:314,(anonymous_23)
FN:344,save
FN:352,(anonymous_25)
FN:367,saveSync
FN:383,setPath
FN:397,setFieldById
FN:397,(anonymous_29)
FN:423,verifyTables
FN:432,(anonymous_31)
FN:482,(anonymous_32)
FN:486,(anonymous_33)
FNF:34
FNH:25
FNDA:2,(anonymous_0)
FNDA:0,(anonymous_1)
FNDA:2,(anonymous_2)
FNDA:2,handleOutput
FNDA:2,(anonymous_4)
FNDA:8,checkField
FNDA:3,(anonymous_6)
FNDA:3,(anonymous_7)
FNDA:3,(anonymous_8)
FNDA:6,(anonymous_9)
FNDA:1,(anonymous_10)
FNDA:1,connect
FNDA:1,create
FNDA:1,(anonymous_13)
FNDA:2,deleteById
FNDA:0,(anonymous_15)
FNDA:2,duplicateFileIfExists
FNDA:0,find
FNDA:0,(anonymous_18)
FNDA:1,findById
FNDA:0,(anonymous_20)
FNDA:4,getAllEntries
FNDA:2,insert
FNDA:0,(anonymous_23)
FNDA:1,save
FNDA:0,(anonymous_25)
FNDA:1,saveSync
FNDA:4,setPath
FNDA:2,setFieldById
FNDA:0,(anonymous_29)
FNDA:1,verifyTables
FNDA:2,(anonymous_31)
FNDA:0,(anonymous_32)
FNDA:6,(anonymous_33)
DA:1,1
DA:2,1
DA:3,1
DA:5,1
DA:18,1
DA:19,2
DA:20,2
DA:21,2
DA:22,2
DA:23,2
DA:24,2
DA:25,2
DA:26,1
DA:28,1
DA:33,2
DA:34,1
DA:35,0
DA:36,0
DA:37,0
DA:39,0
DA:43,2
DA:44,2
DA:47,2
DA:48,0
DA:50,2
DA:54,4
DA:56,2
DA:58,2
DA:59,2
DA:71,8
DA:73,3
DA:76,3
DA:79,3
DA:83,8
DA:85,8
DA:86,0
DA:89,8
DA:91,3
DA:92,0
DA:93,5
DA:99,3
DA:100,3
DA:101,3
DA:102,3
DA:103,3
DA:104,6
DA:105,0
DA:108,3
DA:110,0
DA:112,2
DA:114,1
DA:115,0
DA:117,1
DA:118,1
DA:119,1
DA:120,0
DA:123,1
DA:126,0
DA:127,0
DA:129,0
DA:133,1
DA:134,1
DA:135,1
DA:136,0
DA:137,1
DA:138,0
DA:139,1
DA:140,1
DA:142,0
DA:144,0
DA:154,1
DA:155,1
DA:156,1
DA:157,1
DA:158,1
DA:159,1
DA:161,0
DA:164,0
DA:167,0
DA:182,1
DA:183,1
DA:184,0
DA:186,1
DA:187,1
DA:188,0
DA:190,1
DA:191,1
DA:192,1
DA:193,2
DA:198,1
DA:209,2
DA:210,2
DA:211,2
DA:213,0
DA:215,2
DA:216,0
DA:225,2
DA:226,1
DA:244,0
DA:245,0
DA:248,0
DA:249,0
DA:250,0
DA:251,0
DA:253,0
DA:256,0
DA:257,0
DA:258,0
DA:259,0
DA:260,0
DA:262,0
DA:265,0
DA:282,1
DA:283,1
DA:284,1
DA:285,1
DA:287,0
DA:289,1
DA:299,4
DA:315,2
DA:317,2
DA:318,6
DA:319,6
DA:320,0
DA:322,6
DA:326,2
DA:327,2
DA:328,2
DA:330,2
DA:331,0
DA:334,2
DA:335,2
DA:345,1
DA:347,1
DA:348,1
DA:349,1
DA:350,1
DA:352,0
DA:353,0
DA:355,0
DA:356,0
DA:368,1
DA:370,1
DA:371,1
DA:372,1
DA:373,1
DA:375,0
DA:384,4
DA:398,2
DA:399,2
DA:400,2
DA:401,2
DA:403,0
DA:404,0
DA:406,2
DA:407,0
DA:409,2
DA:411,0
DA:412,0
DA:424,1
DA:425,1
DA:427,1
DA:428,2
DA:429,2
DA:432,1
DA:433,2
DA:434,8
DA:435,0
DA:437,8
DA:438,8
DA:439,8
DA:441,3
DA:442,0
DA:444,3
DA:446,5
DA:448,4
DA:449,1
DA:450,0
DA:452,1
DA:454,3
DA:455,3
DA:456,0
DA:458,3
DA:461,0
DA:463,1
DA:465,1
DA:466,0
DA:468,1
DA:473,1
DA:476,2
DA:482,0
DA:486,6
LF:192
LH:133
BRDA:18,0,0,2
BRDA:25,1,0,1
BRDA:25,1,1,1
BRDA:33,2,0,1
BRDA:33,2,1,1
BRDA:37,3,0,0
BRDA:37,3,1,0
BRDA:47,4,0,0
BRDA:47,4,1,2
BRDA:85,5,0,0
BRDA:85,5,1,8
BRDA:85,6,0,8
BRDA:85,6,1,8
BRDA:89,7,0,3
BRDA:89,7,1,5
BRDA:91,8,0,3
BRDA:91,8,1,0
BRDA:91,9,0,3
BRDA:91,9,1,3
BRDA:93,10,0,3
BRDA:93,10,1,2
BRDA:94,11,0,5
BRDA:94,11,1,4
BRDA:94,11,2,3
BRDA:99,12,0,0
BRDA:99,12,1,3
BRDA:100,13,0,0
BRDA:100,13,1,3
BRDA:104,14,0,0
BRDA:104,14,1,6
BRDA:112,15,0,1
BRDA:112,15,1,1
BRDA:112,16,0,2
BRDA:112,16,1,1
BRDA:114,17,0,0
BRDA:114,17,1,1
BRDA:117,18,0,1
BRDA:117,18,1,0
BRDA:119,19,0,0
BRDA:119,19,1,1
BRDA:126,20,0,0
BRDA:126,20,1,0
BRDA:133,21,0,1
BRDA:133,21,1,0
BRDA:134,22,0,0
BRDA:134,22,1,1
BRDA:135,23,0,0
BRDA:135,23,1,1
BRDA:137,24,0,0
BRDA:137,24,1,1
BRDA:139,25,0,1
BRDA:139,25,1,0
BRDA:155,26,0,1
BRDA:155,26,1,0
BRDA:158,27,0,1
BRDA:158,27,1,0
BRDA:183,28,0,0
BRDA:183,28,1,1
BRDA:187,29,0,0
BRDA:187,29,1,1
BRDA:208,30,0,0
BRDA:210,31,0,2
BRDA:210,31,1,0
BRDA:215,32,0,0
BRDA:215,32,1,2
BRDA:225,33,0,1
BRDA:225,33,1,1
BRDA:225,34,0,2
BRDA:225,34,1,2
BRDA:244,35,0,0
BRDA:244,35,1,0
BRDA:257,36,0,0
BRDA:257,36,1,0
BRDA:257,37,0,0
BRDA:257,37,1,0
BRDA:259,38,0,0
BRDA:259,38,1,0
BRDA:281,39,0,0
BRDA:282,40,0,0
BRDA:282,40,1,1
BRDA:284,41,0,1
BRDA:284,41,1,0
BRDA:314,42,0,0
BRDA:318,43,0,0
BRDA:318,43,1,6
BRDA:319,44,0,0
BRDA:319,44,1,6
BRDA:330,45,0,0
BRDA:330,45,1,2
BRDA:348,46,0,1
BRDA:348,46,1,0
BRDA:353,47,0,0
BRDA:353,47,1,0
BRDA:372,48,0,1
BRDA:372,48,1,0
BRDA:397,49,0,0
BRDA:398,50,0,2
BRDA:398,50,1,0
BRDA:399,51,0,2
BRDA:399,51,1,0
BRDA:406,52,0,0
BRDA:406,52,1,2
BRDA:434,53,0,0
BRDA:434,53,1,8
BRDA:439,54,0,3
BRDA:439,54,1,5
BRDA:441,55,0,0
BRDA:441,55,1,3
BRDA:446,56,0,4
BRDA:446,56,1,1
BRDA:448,57,0,1
BRDA:448,57,1,3
BRDA:449,58,0,0
BRDA:449,58,1,1
BRDA:454,59,0,3
BRDA:454,59,1,0
BRDA:455,60,0,0
BRDA:455,60,1,3
BRDA:463,61,0,1
BRDA:463,61,1,0
BRDA:465,62,0,0
BRDA:465,62,1,1
BRF:122
BRH:67
end_of_record
